Sat Dec 29 2018 12:28:17 GMT+0530 (India Standard Time) Invoice Number: = 44591485 Catelogue Number: = 423987 Catalogue Line Number: = 1 Catalogue Line Quantity: = 1 Processed by Bot
Sat Dec 29 2018 12:28:26 GMT+0530 (India Standard Time) Invoice Number: = 44591485 Catelogue Number: = M03628 Catalogue Line Number: = 6 Catalogue Line Quantity: = 4 Processed by Bot
Sat Dec 29 2018 12:28:32 GMT+0530 (India Standard Time) Invoice Number: = 44591776 Catelogue Number: = C93139 Catalogue Line Number: = 1 Catalogue Line Quantity: = 2 Processed by Bot
Sat Dec 29 2018 12:28:37 GMT+0530 (India Standard Time) Invoice Number: = 44591777 Catelogue Number: = 515022 Catalogue Line Number: = 1 Catalogue Line Quantity: = 1 Processed by Bot
Sat Dec 29 2018 12:30:19 GMT+0530 (India Standard Time) Invoice Number: = 44591485 Catelogue Number: = 423987 Catalogue Line Number: = 1 Catalogue Line Quantity: = 1 Processed by Bot
Sat Dec 29 2018 12:30:27 GMT+0530 (India Standard Time) Invoice Number: = 44591485 Catelogue Number: = M03628 Catalogue Line Number: = 6 Catalogue Line Quantity: = 4 Processed by Bot
Sat Dec 29 2018 12:30:33 GMT+0530 (India Standard Time) Invoice Number: = 44591776 Catelogue Number: = C93139 Catalogue Line Number: = 1 Catalogue Line Quantity: = 2 Processed by Bot
Sat Dec 29 2018 12:30:39 GMT+0530 (India Standard Time) Invoice Number: = 44591777 Catelogue Number: = 515022 Catalogue Line Number: = 1 Catalogue Line Quantity: = 1 Processed by Bot
Sat Dec 29 2018 13:22:19 GMT+0530 (India Standard Time) Invoice Number: = 44591485 Catelogue Number: = 423987 Catalogue Line Number: = 1 Catalogue Line Quantity: = 1 Processed by Bot
Sat Dec 29 2018 13:22:29 GMT+0530 (India Standard Time) Invoice Number: = 44591485 Catelogue Number: = M03628 Catalogue Line Number: = 6 Catalogue Line Quantity: = 4 Processed by Bot
Sat Dec 29 2018 13:22:35 GMT+0530 (India Standard Time) Invoice Number: = 44591776 Catelogue Number: = C93139 Catalogue Line Number: = 1 Catalogue Line Quantity: = 2 Processed by Bot
Sat Dec 29 2018 13:22:41 GMT+0530 (India Standard Time) Invoice Number: = 44591777 Catelogue Number: = 515022 Catalogue Line Number: = 1 Catalogue Line Quantity: = 1 Processed by Bot
Sat Dec 29 2018 13:24:23 GMT+0530 (India Standard Time) Invoice Number: = 44591485 Catelogue Number: = 423987 Catalogue Line Number: = 1 Catalogue Line Quantity: = 1 Processed by Bot
Sat Dec 29 2018 13:24:32 GMT+0530 (India Standard Time) Invoice Number: = 44591485 Catelogue Number: = M03628 Catalogue Line Number: = 6 Catalogue Line Quantity: = 4 Processed by Bot
Sat Dec 29 2018 13:24:38 GMT+0530 (India Standard Time) Invoice Number: = 44591776 Catelogue Number: = C93139 Catalogue Line Number: = 1 Catalogue Line Quantity: = 2 Processed by Bot
Sat Dec 29 2018 13:24:43 GMT+0530 (India Standard Time) Invoice Number: = 44591777 Catelogue Number: = 515022 Catalogue Line Number: = 1 Catalogue Line Quantity: = 1 Processed by Bot
Sat Dec 29 2018 13:38:06 GMT+0530 (India Standard Time) Invoice Number: = 44591485 Catelogue Number: = 423987 Catalogue Line Number: = 1 Catalogue Line Quantity: = 1 Processed by Bot
Sat Dec 29 2018 13:38:16 GMT+0530 (India Standard Time) Invoice Number: = 44591485 Catelogue Number: = M03628 Catalogue Line Number: = 6 Catalogue Line Quantity: = 4 Processed by Bot
Sat Dec 29 2018 13:38:22 GMT+0530 (India Standard Time) Invoice Number: = 44591776 Catelogue Number: = C93139 Catalogue Line Number: = 1 Catalogue Line Quantity: = 2 Processed by Bot
Sat Dec 29 2018 13:38:27 GMT+0530 (India Standard Time) Invoice Number: = 44591777 Catelogue Number: = 515022 Catalogue Line Number: = 1 Catalogue Line Quantity: = 1 Processed by Bot
Sat Dec 29 2018 13:41:51 GMT+0530 (India Standard Time) Invoice Number: = 44591485 Catelogue Number: = 423987 Catalogue Line Number: = 1 Catalogue Line Quantity: = 1 Processed by Bot
Sat Dec 29 2018 13:41:59 GMT+0530 (India Standard Time) Invoice Number: = 44591485 Catelogue Number: = M03628 Catalogue Line Number: = 6 Catalogue Line Quantity: = 4 Processed by Bot
Sat Dec 29 2018 13:42:05 GMT+0530 (India Standard Time) Invoice Number: = 44591776 Catelogue Number: = C93139 Catalogue Line Number: = 1 Catalogue Line Quantity: = 2 Processed by Bot
Sat Dec 29 2018 13:42:10 GMT+0530 (India Standard Time) Invoice Number: = 44591777 Catelogue Number: = 515022 Catalogue Line Number: = 1 Catalogue Line Quantity: = 1 Processed by Bot
Sat Dec 29 2018 13:54:41 GMT+0530 (India Standard Time) Invoice Number: = 44591485 Catelogue Number: = 423987 Catalogue Line Number: = 1 Catalogue Line Quantity: = 1 Processed by Bot
Sat Dec 29 2018 13:54:49 GMT+0530 (India Standard Time) Invoice Number: = 44591485 Catelogue Number: = M03628 Catalogue Line Number: = 6 Catalogue Line Quantity: = 4 Processed by Bot
Sat Dec 29 2018 13:54:55 GMT+0530 (India Standard Time) Invoice Number: = 44591776 Catelogue Number: = C93139 Catalogue Line Number: = 1 Catalogue Line Quantity: = 2 Processed by Bot
Sat Dec 29 2018 13:55:01 GMT+0530 (India Standard Time) Invoice Number: = 44591777 Catelogue Number: = 515022 Catalogue Line Number: = 1 Catalogue Line Quantity: = 1 Processed by Bot
Sat Dec 29 2018 13:58:54 GMT+0530 (India Standard Time) Invoice Number: = 44591485 Catelogue Number: = 423987 Catalogue Line Number: = 1 Catalogue Line Quantity: = 1 Processed by Bot
Sat Dec 29 2018 13:59:04 GMT+0530 (India Standard Time) Invoice Number: = 44591485 Catelogue Number: = M03628 Catalogue Line Number: = 6 Catalogue Line Quantity: = 4 Processed by Bot
Sat Dec 29 2018 13:59:10 GMT+0530 (India Standard Time) Invoice Number: = 44591776 Catelogue Number: = C93139 Catalogue Line Number: = 1 Catalogue Line Quantity: = 2 Processed by Bot
Sat Dec 29 2018 13:59:15 GMT+0530 (India Standard Time) Invoice Number: = 44591777 Catelogue Number: = 515022 Catalogue Line Number: = 1 Catalogue Line Quantity: = 1 Processed by Bot
Sat Dec 29 2018 14:00:54 GMT+0530 (India Standard Time) Invoice Number: = 44591485 Catelogue Number: = 423987 Catalogue Line Number: = 1 Catalogue Line Quantity: = 1 Processed by Bot
Sat Dec 29 2018 14:01:03 GMT+0530 (India Standard Time) Invoice Number: = 44591485 Catelogue Number: = M03628 Catalogue Line Number: = 6 Catalogue Line Quantity: = 4 Processed by Bot
Sat Dec 29 2018 14:01:09 GMT+0530 (India Standard Time) Invoice Number: = 44591776 Catelogue Number: = C93139 Catalogue Line Number: = 1 Catalogue Line Quantity: = 2 Processed by Bot
Sat Dec 29 2018 14:01:14 GMT+0530 (India Standard Time) Invoice Number: = 44591777 Catelogue Number: = 515022 Catalogue Line Number: = 1 Catalogue Line Quantity: = 1 Processed by Bot
Sat Dec 29 2018 14:07:04 GMT+0530 (India Standard Time) Invoice Number: = 44591485 Catelogue Number: = 423987 Catalogue Line Number: = 1 Catalogue Line Quantity: = 1 Processed by Bot
Sat Dec 29 2018 14:07:12 GMT+0530 (India Standard Time) Invoice Number: = 44591485 Catelogue Number: = M03628 Catalogue Line Number: = 6 Catalogue Line Quantity: = 4 Processed by Bot
Sat Dec 29 2018 14:07:18 GMT+0530 (India Standard Time) Invoice Number: = 44591776 Catelogue Number: = C93139 Catalogue Line Number: = 1 Catalogue Line Quantity: = 2 Processed by Bot
Sat Dec 29 2018 14:07:24 GMT+0530 (India Standard Time) Invoice Number: = 44591777 Catelogue Number: = 515022 Catalogue Line Number: = 1 Catalogue Line Quantity: = 1 Processed by Bot
Sat Dec 29 2018 14:10:09 GMT+0530 (India Standard Time) Invoice Number: = 44591485 Catelogue Number: = 423987 Catalogue Line Number: = 1 Catalogue Line Quantity: = 1 Processed by Bot
Sat Dec 29 2018 14:10:17 GMT+0530 (India Standard Time) Invoice Number: = 44591485 Catelogue Number: = M03628 Catalogue Line Number: = 6 Catalogue Line Quantity: = 4 Processed by Bot
Sat Dec 29 2018 14:10:23 GMT+0530 (India Standard Time) Invoice Number: = 44591776 Catelogue Number: = C93139 Catalogue Line Number: = 1 Catalogue Line Quantity: = 2 Processed by Bot
Sat Dec 29 2018 14:10:29 GMT+0530 (India Standard Time) Invoice Number: = 44591777 Catelogue Number: = 515022 Catalogue Line Number: = 1 Catalogue Line Quantity: = 1 Processed by Bot
Sat Dec 29 2018 14:16:44 GMT+0530 (India Standard Time) Invoice Number: = 44591485 Catelogue Number: = 423987 Catalogue Line Number: = 1 Catalogue Line Quantity: = 1 Processed by Bot
Sat Dec 29 2018 14:16:53 GMT+0530 (India Standard Time) Invoice Number: = 44591485 Catelogue Number: = M03628 Catalogue Line Number: = 6 Catalogue Line Quantity: = 4 Processed by Bot
Sat Dec 29 2018 14:16:59 GMT+0530 (India Standard Time) Invoice Number: = 44591776 Catelogue Number: = C93139 Catalogue Line Number: = 1 Catalogue Line Quantity: = 2 Processed by Bot
Sat Dec 29 2018 14:17:05 GMT+0530 (India Standard Time) Invoice Number: = 44591777 Catelogue Number: = 515022 Catalogue Line Number: = 1 Catalogue Line Quantity: = 1 Processed by Bot
Sat Dec 29 2018 14:18:47 GMT+0530 (India Standard Time) Invoice Number: = 44591485 Catelogue Number: = 423987 Catalogue Line Number: = 1 Catalogue Line Quantity: = 1 Processed by Bot
Sat Dec 29 2018 14:18:56 GMT+0530 (India Standard Time) Invoice Number: = 44591485 Catelogue Number: = M03628 Catalogue Line Number: = 6 Catalogue Line Quantity: = 4 Processed by Bot
Sat Dec 29 2018 14:19:01 GMT+0530 (India Standard Time) Invoice Number: = 44591776 Catelogue Number: = C93139 Catalogue Line Number: = 1 Catalogue Line Quantity: = 2 Processed by Bot
Sat Dec 29 2018 14:19:08 GMT+0530 (India Standard Time) Invoice Number: = 44591777 Catelogue Number: = 515022 Catalogue Line Number: = 1 Catalogue Line Quantity: = 1 Processed by Bot
Sat Dec 29 2018 14:50:34 GMT+0530 (India Standard Time) Invoice Number: = 44591485 Catelogue Number: = 423987 Catalogue Line Number: = 1 Catalogue Line Quantity: = 1 Processed by Bot
Sat Dec 29 2018 14:50:44 GMT+0530 (India Standard Time) Invoice Number: = 44591485 Catelogue Number: = M03628 Catalogue Line Number: = 6 Catalogue Line Quantity: = 4 Processed by Bot
Sat Dec 29 2018 14:50:49 GMT+0530 (India Standard Time) Invoice Number: = 44591776 Catelogue Number: = C93139 Catalogue Line Number: = 1 Catalogue Line Quantity: = 2 Processed by Bot
Sat Dec 29 2018 14:50:55 GMT+0530 (India Standard Time) Invoice Number: = 44591777 Catelogue Number: = 515022 Catalogue Line Number: = 1 Catalogue Line Quantity: = 1 Processed by Bot
Sat Dec 29 2018 14:52:37 GMT+0530 (India Standard Time) Invoice Number: = 44591485 Catelogue Number: = 423987 Catalogue Line Number: = 1 Catalogue Line Quantity: = 1 Processed by Bot
Sat Dec 29 2018 14:52:46 GMT+0530 (India Standard Time) Invoice Number: = 44591485 Catelogue Number: = M03628 Catalogue Line Number: = 6 Catalogue Line Quantity: = 4 Processed by Bot
Sat Dec 29 2018 14:52:52 GMT+0530 (India Standard Time) Invoice Number: = 44591776 Catelogue Number: = C93139 Catalogue Line Number: = 1 Catalogue Line Quantity: = 2 Processed by Bot
Sat Dec 29 2018 14:52:58 GMT+0530 (India Standard Time) Invoice Number: = 44591777 Catelogue Number: = 515022 Catalogue Line Number: = 1 Catalogue Line Quantity: = 1 Processed by Bot
Sat Dec 29 2018 14:54:40 GMT+0530 (India Standard Time) Invoice Number: = 44591485 Catelogue Number: = 423987 Catalogue Line Number: = 1 Catalogue Line Quantity: = 1 Processed by Bot
Sat Dec 29 2018 14:54:49 GMT+0530 (India Standard Time) Invoice Number: = 44591485 Catelogue Number: = M03628 Catalogue Line Number: = 6 Catalogue Line Quantity: = 4 Processed by Bot
Sat Dec 29 2018 14:54:54 GMT+0530 (India Standard Time) Invoice Number: = 44591776 Catelogue Number: = C93139 Catalogue Line Number: = 1 Catalogue Line Quantity: = 2 Processed by Bot
Sat Dec 29 2018 14:55:01 GMT+0530 (India Standard Time) Invoice Number: = 44591777 Catelogue Number: = 515022 Catalogue Line Number: = 1 Catalogue Line Quantity: = 1 Processed by Bot
Sat Dec 29 2018 14:56:43 GMT+0530 (India Standard Time) Invoice Number: = 44591485 Catelogue Number: = 423987 Catalogue Line Number: = 1 Catalogue Line Quantity: = 1 Processed by Bot
Sat Dec 29 2018 14:56:52 GMT+0530 (India Standard Time) Invoice Number: = 44591485 Catelogue Number: = M03628 Catalogue Line Number: = 6 Catalogue Line Quantity: = 4 Processed by Bot
Sat Dec 29 2018 14:56:57 GMT+0530 (India Standard Time) Invoice Number: = 44591776 Catelogue Number: = C93139 Catalogue Line Number: = 1 Catalogue Line Quantity: = 2 Processed by Bot
Sat Dec 29 2018 14:57:03 GMT+0530 (India Standard Time) Invoice Number: = 44591777 Catelogue Number: = 515022 Catalogue Line Number: = 1 Catalogue Line Quantity: = 1 Processed by Bot
Sat Dec 29 2018 14:58:47 GMT+0530 (India Standard Time) Invoice Number: = 44591485 Catelogue Number: = 423987 Catalogue Line Number: = 1 Catalogue Line Quantity: = 1 Processed by Bot
Sat Dec 29 2018 14:58:56 GMT+0530 (India Standard Time) Invoice Number: = 44591485 Catelogue Number: = M03628 Catalogue Line Number: = 6 Catalogue Line Quantity: = 4 Processed by Bot
Sat Dec 29 2018 14:59:02 GMT+0530 (India Standard Time) Invoice Number: = 44591776 Catelogue Number: = C93139 Catalogue Line Number: = 1 Catalogue Line Quantity: = 2 Processed by Bot
Sat Dec 29 2018 14:59:08 GMT+0530 (India Standard Time) Invoice Number: = 44591777 Catelogue Number: = 515022 Catalogue Line Number: = 1 Catalogue Line Quantity: = 1 Processed by Bot
Sat Dec 29 2018 15:00:52 GMT+0530 (India Standard Time) Invoice Number: = 44591485 Catelogue Number: = 423987 Catalogue Line Number: = 1 Catalogue Line Quantity: = 1 Processed by Bot
Sat Dec 29 2018 15:01:01 GMT+0530 (India Standard Time) Invoice Number: = 44591485 Catelogue Number: = M03628 Catalogue Line Number: = 6 Catalogue Line Quantity: = 4 Processed by Bot
Sat Dec 29 2018 15:01:07 GMT+0530 (India Standard Time) Invoice Number: = 44591776 Catelogue Number: = C93139 Catalogue Line Number: = 1 Catalogue Line Quantity: = 2 Processed by Bot
Sat Dec 29 2018 15:01:14 GMT+0530 (India Standard Time) Invoice Number: = 44591777 Catelogue Number: = 515022 Catalogue Line Number: = 1 Catalogue Line Quantity: = 1 Processed by Bot
Sat Dec 29 2018 15:02:57 GMT+0530 (India Standard Time) Invoice Number: = 44591485 Catelogue Number: = 423987 Catalogue Line Number: = 1 Catalogue Line Quantity: = 1 Processed by Bot
Sat Dec 29 2018 15:03:06 GMT+0530 (India Standard Time) Invoice Number: = 44591485 Catelogue Number: = M03628 Catalogue Line Number: = 6 Catalogue Line Quantity: = 4 Processed by Bot
Sat Dec 29 2018 15:03:12 GMT+0530 (India Standard Time) Invoice Number: = 44591776 Catelogue Number: = C93139 Catalogue Line Number: = 1 Catalogue Line Quantity: = 2 Processed by Bot
Sat Dec 29 2018 15:03:18 GMT+0530 (India Standard Time) Invoice Number: = 44591777 Catelogue Number: = 515022 Catalogue Line Number: = 1 Catalogue Line Quantity: = 1 Processed by Bot
Sat Dec 29 2018 15:04:59 GMT+0530 (India Standard Time) Invoice Number: = 44591485 Catelogue Number: = 423987 Catalogue Line Number: = 1 Catalogue Line Quantity: = 1 Processed by Bot
Sat Dec 29 2018 15:05:08 GMT+0530 (India Standard Time) Invoice Number: = 44591485 Catelogue Number: = M03628 Catalogue Line Number: = 6 Catalogue Line Quantity: = 4 Processed by Bot
Sat Dec 29 2018 15:05:14 GMT+0530 (India Standard Time) Invoice Number: = 44591776 Catelogue Number: = C93139 Catalogue Line Number: = 1 Catalogue Line Quantity: = 2 Processed by Bot
Sat Dec 29 2018 15:05:20 GMT+0530 (India Standard Time) Invoice Number: = 44591777 Catelogue Number: = 515022 Catalogue Line Number: = 1 Catalogue Line Quantity: = 1 Processed by Bot
Sat Dec 29 2018 15:07:03 GMT+0530 (India Standard Time) Invoice Number: = 44591485 Catelogue Number: = 423987 Catalogue Line Number: = 1 Catalogue Line Quantity: = 1 Processed by Bot
Sat Dec 29 2018 15:07:12 GMT+0530 (India Standard Time) Invoice Number: = 44591485 Catelogue Number: = M03628 Catalogue Line Number: = 6 Catalogue Line Quantity: = 4 Processed by Bot
Sat Dec 29 2018 15:07:18 GMT+0530 (India Standard Time) Invoice Number: = 44591776 Catelogue Number: = C93139 Catalogue Line Number: = 1 Catalogue Line Quantity: = 2 Processed by Bot
Sat Dec 29 2018 15:07:23 GMT+0530 (India Standard Time) Invoice Number: = 44591777 Catelogue Number: = 515022 Catalogue Line Number: = 1 Catalogue Line Quantity: = 1 Processed by Bot
Sat Dec 29 2018 15:09:06 GMT+0530 (India Standard Time) Invoice Number: = 44591485 Catelogue Number: = 423987 Catalogue Line Number: = 1 Catalogue Line Quantity: = 1 Processed by Bot
Sat Dec 29 2018 15:09:14 GMT+0530 (India Standard Time) Invoice Number: = 44591485 Catelogue Number: = M03628 Catalogue Line Number: = 6 Catalogue Line Quantity: = 4 Processed by Bot
Sat Dec 29 2018 15:09:21 GMT+0530 (India Standard Time) Invoice Number: = 44591776 Catelogue Number: = C93139 Catalogue Line Number: = 1 Catalogue Line Quantity: = 2 Processed by Bot
Sat Dec 29 2018 15:09:26 GMT+0530 (India Standard Time) Invoice Number: = 44591777 Catelogue Number: = 515022 Catalogue Line Number: = 1 Catalogue Line Quantity: = 1 Processed by Bot
Sat Dec 29 2018 15:11:08 GMT+0530 (India Standard Time) Invoice Number: = 44591485 Catelogue Number: = 423987 Catalogue Line Number: = 1 Catalogue Line Quantity: = 1 Processed by Bot
Sat Dec 29 2018 15:11:17 GMT+0530 (India Standard Time) Invoice Number: = 44591485 Catelogue Number: = M03628 Catalogue Line Number: = 6 Catalogue Line Quantity: = 4 Processed by Bot
Sat Dec 29 2018 15:11:23 GMT+0530 (India Standard Time) Invoice Number: = 44591776 Catelogue Number: = C93139 Catalogue Line Number: = 1 Catalogue Line Quantity: = 2 Processed by Bot
Sat Dec 29 2018 15:11:28 GMT+0530 (India Standard Time) Invoice Number: = 44591777 Catelogue Number: = 515022 Catalogue Line Number: = 1 Catalogue Line Quantity: = 1 Processed by Bot
Sat Dec 29 2018 15:13:11 GMT+0530 (India Standard Time) Invoice Number: = 44591485 Catelogue Number: = 423987 Catalogue Line Number: = 1 Catalogue Line Quantity: = 1 Processed by Bot
Sat Dec 29 2018 15:13:20 GMT+0530 (India Standard Time) Invoice Number: = 44591485 Catelogue Number: = M03628 Catalogue Line Number: = 6 Catalogue Line Quantity: = 4 Processed by Bot
Sat Dec 29 2018 15:13:26 GMT+0530 (India Standard Time) Invoice Number: = 44591776 Catelogue Number: = C93139 Catalogue Line Number: = 1 Catalogue Line Quantity: = 2 Processed by Bot
Sat Dec 29 2018 15:13:32 GMT+0530 (India Standard Time) Invoice Number: = 44591777 Catelogue Number: = 515022 Catalogue Line Number: = 1 Catalogue Line Quantity: = 1 Processed by Bot
Sat Dec 29 2018 15:15:15 GMT+0530 (India Standard Time) Invoice Number: = 44591485 Catelogue Number: = 423987 Catalogue Line Number: = 1 Catalogue Line Quantity: = 1 Processed by Bot
Sat Dec 29 2018 15:15:24 GMT+0530 (India Standard Time) Invoice Number: = 44591485 Catelogue Number: = M03628 Catalogue Line Number: = 6 Catalogue Line Quantity: = 4 Processed by Bot
Sat Dec 29 2018 15:15:30 GMT+0530 (India Standard Time) Invoice Number: = 44591776 Catelogue Number: = C93139 Catalogue Line Number: = 1 Catalogue Line Quantity: = 2 Processed by Bot
Sat Dec 29 2018 15:15:35 GMT+0530 (India Standard Time) Invoice Number: = 44591777 Catelogue Number: = 515022 Catalogue Line Number: = 1 Catalogue Line Quantity: = 1 Processed by Bot
Sat Dec 29 2018 15:17:19 GMT+0530 (India Standard Time) Invoice Number: = 44591485 Catelogue Number: = 423987 Catalogue Line Number: = 1 Catalogue Line Quantity: = 1 Processed by Bot
Sat Dec 29 2018 15:17:28 GMT+0530 (India Standard Time) Invoice Number: = 44591485 Catelogue Number: = M03628 Catalogue Line Number: = 6 Catalogue Line Quantity: = 4 Processed by Bot
Sat Dec 29 2018 15:17:34 GMT+0530 (India Standard Time) Invoice Number: = 44591776 Catelogue Number: = C93139 Catalogue Line Number: = 1 Catalogue Line Quantity: = 2 Processed by Bot
Sat Dec 29 2018 15:17:39 GMT+0530 (India Standard Time) Invoice Number: = 44591777 Catelogue Number: = 515022 Catalogue Line Number: = 1 Catalogue Line Quantity: = 1 Processed by Bot
Sat Dec 29 2018 15:19:22 GMT+0530 (India Standard Time) Invoice Number: = 44591485 Catelogue Number: = 423987 Catalogue Line Number: = 1 Catalogue Line Quantity: = 1 Processed by Bot
Sat Dec 29 2018 15:19:31 GMT+0530 (India Standard Time) Invoice Number: = 44591485 Catelogue Number: = M03628 Catalogue Line Number: = 6 Catalogue Line Quantity: = 4 Processed by Bot
Sat Dec 29 2018 15:19:37 GMT+0530 (India Standard Time) Invoice Number: = 44591776 Catelogue Number: = C93139 Catalogue Line Number: = 1 Catalogue Line Quantity: = 2 Processed by Bot
Sat Dec 29 2018 15:19:43 GMT+0530 (India Standard Time) Invoice Number: = 44591777 Catelogue Number: = 515022 Catalogue Line Number: = 1 Catalogue Line Quantity: = 1 Processed by Bot
Sat Dec 29 2018 15:21:26 GMT+0530 (India Standard Time) Invoice Number: = 44591485 Catelogue Number: = 423987 Catalogue Line Number: = 1 Catalogue Line Quantity: = 1 Processed by Bot
Sat Dec 29 2018 15:21:35 GMT+0530 (India Standard Time) Invoice Number: = 44591485 Catelogue Number: = M03628 Catalogue Line Number: = 6 Catalogue Line Quantity: = 4 Processed by Bot
Sat Dec 29 2018 15:21:41 GMT+0530 (India Standard Time) Invoice Number: = 44591776 Catelogue Number: = C93139 Catalogue Line Number: = 1 Catalogue Line Quantity: = 2 Processed by Bot
Sat Dec 29 2018 15:21:46 GMT+0530 (India Standard Time) Invoice Number: = 44591777 Catelogue Number: = 515022 Catalogue Line Number: = 1 Catalogue Line Quantity: = 1 Processed by Bot
Sat Dec 29 2018 15:23:29 GMT+0530 (India Standard Time) Invoice Number: = 44591485 Catelogue Number: = 423987 Catalogue Line Number: = 1 Catalogue Line Quantity: = 1 Processed by Bot
Sat Dec 29 2018 15:23:38 GMT+0530 (India Standard Time) Invoice Number: = 44591485 Catelogue Number: = M03628 Catalogue Line Number: = 6 Catalogue Line Quantity: = 4 Processed by Bot
Sat Dec 29 2018 15:23:44 GMT+0530 (India Standard Time) Invoice Number: = 44591776 Catelogue Number: = C93139 Catalogue Line Number: = 1 Catalogue Line Quantity: = 2 Processed by Bot
Sat Dec 29 2018 15:23:50 GMT+0530 (India Standard Time) Invoice Number: = 44591777 Catelogue Number: = 515022 Catalogue Line Number: = 1 Catalogue Line Quantity: = 1 Processed by Bot
Sat Dec 29 2018 15:25:32 GMT+0530 (India Standard Time) Invoice Number: = 44591485 Catelogue Number: = 423987 Catalogue Line Number: = 1 Catalogue Line Quantity: = 1 Processed by Bot
Sat Dec 29 2018 15:25:41 GMT+0530 (India Standard Time) Invoice Number: = 44591485 Catelogue Number: = M03628 Catalogue Line Number: = 6 Catalogue Line Quantity: = 4 Processed by Bot
Sat Dec 29 2018 15:25:47 GMT+0530 (India Standard Time) Invoice Number: = 44591776 Catelogue Number: = C93139 Catalogue Line Number: = 1 Catalogue Line Quantity: = 2 Processed by Bot
Sat Dec 29 2018 15:25:52 GMT+0530 (India Standard Time) Invoice Number: = 44591777 Catelogue Number: = 515022 Catalogue Line Number: = 1 Catalogue Line Quantity: = 1 Processed by Bot
Sat Dec 29 2018 15:27:35 GMT+0530 (India Standard Time) Invoice Number: = 44591485 Catelogue Number: = 423987 Catalogue Line Number: = 1 Catalogue Line Quantity: = 1 Processed by Bot
Sat Dec 29 2018 15:27:45 GMT+0530 (India Standard Time) Invoice Number: = 44591485 Catelogue Number: = M03628 Catalogue Line Number: = 6 Catalogue Line Quantity: = 4 Processed by Bot
Sat Dec 29 2018 15:27:50 GMT+0530 (India Standard Time) Invoice Number: = 44591776 Catelogue Number: = C93139 Catalogue Line Number: = 1 Catalogue Line Quantity: = 2 Processed by Bot
Sat Dec 29 2018 15:27:56 GMT+0530 (India Standard Time) Invoice Number: = 44591777 Catelogue Number: = 515022 Catalogue Line Number: = 1 Catalogue Line Quantity: = 1 Processed by Bot
Sat Dec 29 2018 15:29:37 GMT+0530 (India Standard Time) Invoice Number: = 44591485 Catelogue Number: = 423987 Catalogue Line Number: = 1 Catalogue Line Quantity: = 1 Processed by Bot
Sat Dec 29 2018 15:29:46 GMT+0530 (India Standard Time) Invoice Number: = 44591485 Catelogue Number: = M03628 Catalogue Line Number: = 6 Catalogue Line Quantity: = 4 Processed by Bot
Sat Dec 29 2018 15:29:51 GMT+0530 (India Standard Time) Invoice Number: = 44591776 Catelogue Number: = C93139 Catalogue Line Number: = 1 Catalogue Line Quantity: = 2 Processed by Bot
Sat Dec 29 2018 15:29:57 GMT+0530 (India Standard Time) Invoice Number: = 44591777 Catelogue Number: = 515022 Catalogue Line Number: = 1 Catalogue Line Quantity: = 1 Processed by Bot
Sat Dec 29 2018 17:07:57 GMT+0530 (India Standard Time) Invoice Number: = 44591485 Catelogue Number: = 423987 Catalogue Line Number: = 1 Catalogue Line Quantity: = 1 Processed by Bot
Sat Dec 29 2018 17:08:06 GMT+0530 (India Standard Time) Invoice Number: = 44591485 Catelogue Number: = M03628 Catalogue Line Number: = 6 Catalogue Line Quantity: = 4 Processed by Bot
Sat Dec 29 2018 17:08:11 GMT+0530 (India Standard Time) Invoice Number: = 44591776 Catelogue Number: = C93139 Catalogue Line Number: = 1 Catalogue Line Quantity: = 2 Processed by Bot
Sat Dec 29 2018 17:08:17 GMT+0530 (India Standard Time) Invoice Number: = 44591777 Catelogue Number: = 515022 Catalogue Line Number: = 1 Catalogue Line Quantity: = 1 Processed by Bot
Sat Dec 29 2018 17:10:08 GMT+0530 (India Standard Time) Invoice Number: = 44591485 Catelogue Number: = 423987 Catalogue Line Number: = 1 Catalogue Line Quantity: = 1 Processed by Bot
Sat Dec 29 2018 17:10:18 GMT+0530 (India Standard Time) Invoice Number: = 44591485 Catelogue Number: = M03628 Catalogue Line Number: = 6 Catalogue Line Quantity: = 4 Processed by Bot
Sat Dec 29 2018 17:10:25 GMT+0530 (India Standard Time) Invoice Number: = 44591776 Catelogue Number: = C93139 Catalogue Line Number: = 1 Catalogue Line Quantity: = 2 Processed by Bot
Sat Dec 29 2018 17:10:30 GMT+0530 (India Standard Time) Invoice Number: = 44591777 Catelogue Number: = 515022 Catalogue Line Number: = 1 Catalogue Line Quantity: = 1 Processed by Bot
Sat Dec 29 2018 17:12:22 GMT+0530 (India Standard Time) Invoice Number: = 44591485 Catelogue Number: = 423987 Catalogue Line Number: = 1 Catalogue Line Quantity: = 1 Processed by Bot
Sat Dec 29 2018 17:12:31 GMT+0530 (India Standard Time) Invoice Number: = 44591485 Catelogue Number: = M03628 Catalogue Line Number: = 6 Catalogue Line Quantity: = 4 Processed by Bot
Sat Dec 29 2018 17:12:36 GMT+0530 (India Standard Time) Invoice Number: = 44591776 Catelogue Number: = C93139 Catalogue Line Number: = 1 Catalogue Line Quantity: = 2 Processed by Bot
Sat Dec 29 2018 17:12:42 GMT+0530 (India Standard Time) Invoice Number: = 44591777 Catelogue Number: = 515022 Catalogue Line Number: = 1 Catalogue Line Quantity: = 1 Processed by Bot
Sat Dec 29 2018 17:14:35 GMT+0530 (India Standard Time) Invoice Number: = 44591485 Catelogue Number: = 423987 Catalogue Line Number: = 1 Catalogue Line Quantity: = 1 Processed by Bot
Sat Dec 29 2018 17:14:43 GMT+0530 (India Standard Time) Invoice Number: = 44591485 Catelogue Number: = M03628 Catalogue Line Number: = 6 Catalogue Line Quantity: = 4 Processed by Bot
Sat Dec 29 2018 17:14:49 GMT+0530 (India Standard Time) Invoice Number: = 44591776 Catelogue Number: = C93139 Catalogue Line Number: = 1 Catalogue Line Quantity: = 2 Processed by Bot
Sat Dec 29 2018 17:14:54 GMT+0530 (India Standard Time) Invoice Number: = 44591777 Catelogue Number: = 515022 Catalogue Line Number: = 1 Catalogue Line Quantity: = 1 Processed by Bot
Sat Dec 29 2018 17:16:46 GMT+0530 (India Standard Time) Invoice Number: = 44591485 Catelogue Number: = 423987 Catalogue Line Number: = 1 Catalogue Line Quantity: = 1 Processed by Bot
Sat Dec 29 2018 17:16:56 GMT+0530 (India Standard Time) Invoice Number: = 44591485 Catelogue Number: = M03628 Catalogue Line Number: = 6 Catalogue Line Quantity: = 4 Processed by Bot
Sat Dec 29 2018 17:17:01 GMT+0530 (India Standard Time) Invoice Number: = 44591776 Catelogue Number: = C93139 Catalogue Line Number: = 1 Catalogue Line Quantity: = 2 Processed by Bot
Sat Dec 29 2018 17:17:07 GMT+0530 (India Standard Time) Invoice Number: = 44591777 Catelogue Number: = 515022 Catalogue Line Number: = 1 Catalogue Line Quantity: = 1 Processed by Bot
Sat Dec 29 2018 17:18:58 GMT+0530 (India Standard Time) Invoice Number: = 44591485 Catelogue Number: = 423987 Catalogue Line Number: = 1 Catalogue Line Quantity: = 1 Processed by Bot
Sat Dec 29 2018 17:19:07 GMT+0530 (India Standard Time) Invoice Number: = 44591485 Catelogue Number: = M03628 Catalogue Line Number: = 6 Catalogue Line Quantity: = 4 Processed by Bot
Sat Dec 29 2018 17:19:14 GMT+0530 (India Standard Time) Invoice Number: = 44591776 Catelogue Number: = C93139 Catalogue Line Number: = 1 Catalogue Line Quantity: = 2 Processed by Bot
Sat Dec 29 2018 17:19:20 GMT+0530 (India Standard Time) Invoice Number: = 44591777 Catelogue Number: = 515022 Catalogue Line Number: = 1 Catalogue Line Quantity: = 1 Processed by Bot
Sat Dec 29 2018 17:55:10 GMT+0530 (India Standard Time) Invoice Number: = 44591485 Catelogue Number: = 423987 Catalogue Line Number: = 1 Catalogue Line Quantity: = 1 Processed by Bot
Sat Dec 29 2018 17:55:19 GMT+0530 (India Standard Time) Invoice Number: = 44591485 Catelogue Number: = M03628 Catalogue Line Number: = 6 Catalogue Line Quantity: = 4 Processed by Bot
Sat Dec 29 2018 17:55:25 GMT+0530 (India Standard Time) Invoice Number: = 44591776 Catelogue Number: = C93139 Catalogue Line Number: = 1 Catalogue Line Quantity: = 2 Processed by Bot
Sat Dec 29 2018 17:55:31 GMT+0530 (India Standard Time) Invoice Number: = 44591777 Catelogue Number: = 515022 Catalogue Line Number: = 1 Catalogue Line Quantity: = 1 Processed by Bot
Sat Dec 29 2018 18:00:19 GMT+0530 (India Standard Time) Invoice Number: = 44591485 Catelogue Number: = 423987 Catalogue Line Number: = 1 Catalogue Line Quantity: = 1 Processed by Bot
Sat Dec 29 2018 18:00:29 GMT+0530 (India Standard Time) Invoice Number: = 44591485 Catelogue Number: = M03628 Catalogue Line Number: = 6 Catalogue Line Quantity: = 4 Processed by Bot
Sat Dec 29 2018 18:00:34 GMT+0530 (India Standard Time) Invoice Number: = 44591776 Catelogue Number: = C93139 Catalogue Line Number: = 1 Catalogue Line Quantity: = 2 Processed by Bot
Sat Dec 29 2018 18:00:40 GMT+0530 (India Standard Time) Invoice Number: = 44591777 Catelogue Number: = 515022 Catalogue Line Number: = 1 Catalogue Line Quantity: = 1 Processed by Bot
Sat Dec 29 2018 18:02:28 GMT+0530 (India Standard Time) Invoice Number: = 44591485 Catelogue Number: = 423987 Catalogue Line Number: = 1 Catalogue Line Quantity: = 1 Processed by Bot
Sat Dec 29 2018 18:02:36 GMT+0530 (India Standard Time) Invoice Number: = 44591485 Catelogue Number: = M03628 Catalogue Line Number: = 6 Catalogue Line Quantity: = 4 Processed by Bot
Sat Dec 29 2018 18:02:42 GMT+0530 (India Standard Time) Invoice Number: = 44591776 Catelogue Number: = C93139 Catalogue Line Number: = 1 Catalogue Line Quantity: = 2 Processed by Bot
Sat Dec 29 2018 18:02:48 GMT+0530 (India Standard Time) Invoice Number: = 44591777 Catelogue Number: = 515022 Catalogue Line Number: = 1 Catalogue Line Quantity: = 1 Processed by Bot
Sat Dec 29 2018 18:10:06 GMT+0530 (India Standard Time) Invoice Number: = 44591485 Catelogue Number: = 423987 Catalogue Line Number: = 1 Catalogue Line Quantity: = 1 Processed by Bot
Sat Dec 29 2018 18:10:16 GMT+0530 (India Standard Time) Invoice Number: = 44591485 Catelogue Number: = M03628 Catalogue Line Number: = 6 Catalogue Line Quantity: = 4 Processed by Bot
Sat Dec 29 2018 18:10:21 GMT+0530 (India Standard Time) Invoice Number: = 44591776 Catelogue Number: = C93139 Catalogue Line Number: = 1 Catalogue Line Quantity: = 2 Processed by Bot
Sat Dec 29 2018 18:10:27 GMT+0530 (India Standard Time) Invoice Number: = 44591777 Catelogue Number: = 515022 Catalogue Line Number: = 1 Catalogue Line Quantity: = 1 Processed by Bot
Sat Dec 29 2018 18:12:16 GMT+0530 (India Standard Time) Invoice Number: = 44591485 Catelogue Number: = 423987 Catalogue Line Number: = 1 Catalogue Line Quantity: = 1 Processed by Bot
Sat Dec 29 2018 18:12:26 GMT+0530 (India Standard Time) Invoice Number: = 44591485 Catelogue Number: = M03628 Catalogue Line Number: = 6 Catalogue Line Quantity: = 4 Processed by Bot
Sat Dec 29 2018 18:12:32 GMT+0530 (India Standard Time) Invoice Number: = 44591776 Catelogue Number: = C93139 Catalogue Line Number: = 1 Catalogue Line Quantity: = 2 Processed by Bot
Sat Dec 29 2018 18:12:37 GMT+0530 (India Standard Time) Invoice Number: = 44591777 Catelogue Number: = 515022 Catalogue Line Number: = 1 Catalogue Line Quantity: = 1 Processed by Bot
Sat Dec 29 2018 18:16:44 GMT+0530 (India Standard Time) Invoice Number: = 44591485 Catelogue Number: = 423987 Catalogue Line Number: = 1 Catalogue Line Quantity: = 1 Processed by Bot
Sat Dec 29 2018 18:16:53 GMT+0530 (India Standard Time) Invoice Number: = 44591485 Catelogue Number: = M03628 Catalogue Line Number: = 6 Catalogue Line Quantity: = 4 Processed by Bot
Sat Dec 29 2018 18:16:58 GMT+0530 (India Standard Time) Invoice Number: = 44591776 Catelogue Number: = C93139 Catalogue Line Number: = 1 Catalogue Line Quantity: = 2 Processed by Bot
Sat Dec 29 2018 18:17:04 GMT+0530 (India Standard Time) Invoice Number: = 44591777 Catelogue Number: = 515022 Catalogue Line Number: = 1 Catalogue Line Quantity: = 1 Processed by Bot
Sat Dec 29 2018 18:26:05 GMT+0530 (India Standard Time) Invoice Number: = 44591485 Catelogue Number: = 423987 Catalogue Line Number: = 1 Catalogue Line Quantity: = 1 Processed by Bot
Sat Dec 29 2018 18:26:14 GMT+0530 (India Standard Time) Invoice Number: = 44591485 Catelogue Number: = M03628 Catalogue Line Number: = 6 Catalogue Line Quantity: = 4 Processed by Bot
Sat Dec 29 2018 18:26:20 GMT+0530 (India Standard Time) Invoice Number: = 44591776 Catelogue Number: = C93139 Catalogue Line Number: = 1 Catalogue Line Quantity: = 2 Processed by Bot
Sat Dec 29 2018 18:26:26 GMT+0530 (India Standard Time) Invoice Number: = 44591777 Catelogue Number: = 515022 Catalogue Line Number: = 1 Catalogue Line Quantity: = 1 Processed by Bot
Sat Dec 29 2018 18:28:15 GMT+0530 (India Standard Time) Invoice Number: = 44591485 Catelogue Number: = 423987 Catalogue Line Number: = 1 Catalogue Line Quantity: = 1 Processed by Bot
Sat Dec 29 2018 18:28:24 GMT+0530 (India Standard Time) Invoice Number: = 44591485 Catelogue Number: = M03628 Catalogue Line Number: = 6 Catalogue Line Quantity: = 4 Processed by Bot
Sat Dec 29 2018 18:28:30 GMT+0530 (India Standard Time) Invoice Number: = 44591776 Catelogue Number: = C93139 Catalogue Line Number: = 1 Catalogue Line Quantity: = 2 Processed by Bot
Sat Dec 29 2018 18:28:36 GMT+0530 (India Standard Time) Invoice Number: = 44591777 Catelogue Number: = 515022 Catalogue Line Number: = 1 Catalogue Line Quantity: = 1 Processed by Bot
Sat Dec 29 2018 18:31:56 GMT+0530 (India Standard Time) Invoice Number: = 44591485 Catelogue Number: = 423987 Catalogue Line Number: = 1 Catalogue Line Quantity: = 1 Processed by Bot
Sat Dec 29 2018 18:32:05 GMT+0530 (India Standard Time) Invoice Number: = 44591485 Catelogue Number: = M03628 Catalogue Line Number: = 6 Catalogue Line Quantity: = 4 Processed by Bot
Sat Dec 29 2018 18:32:12 GMT+0530 (India Standard Time) Invoice Number: = 44591776 Catelogue Number: = C93139 Catalogue Line Number: = 1 Catalogue Line Quantity: = 2 Processed by Bot
Sat Dec 29 2018 18:32:17 GMT+0530 (India Standard Time) Invoice Number: = 44591777 Catelogue Number: = 515022 Catalogue Line Number: = 1 Catalogue Line Quantity: = 1 Processed by Bot
Sat Dec 29 2018 18:34:10 GMT+0530 (India Standard Time) Invoice Number: = 44591485 Catelogue Number: = 423987 Catalogue Line Number: = 1 Catalogue Line Quantity: = 1 Processed by Bot
Sat Dec 29 2018 18:34:18 GMT+0530 (India Standard Time) Invoice Number: = 44591485 Catelogue Number: = M03628 Catalogue Line Number: = 6 Catalogue Line Quantity: = 4 Processed by Bot
Sat Dec 29 2018 18:34:24 GMT+0530 (India Standard Time) Invoice Number: = 44591776 Catelogue Number: = C93139 Catalogue Line Number: = 1 Catalogue Line Quantity: = 2 Processed by Bot
Sat Dec 29 2018 18:34:30 GMT+0530 (India Standard Time) Invoice Number: = 44591777 Catelogue Number: = 515022 Catalogue Line Number: = 1 Catalogue Line Quantity: = 1 Processed by Bot
Sun Dec 30 2018 08:15:10 GMT+0530 (India Standard Time) Invoice Number: = 44591485 Catelogue Number: = 423987 Catalogue Line Number: = 1 Catalogue Line Quantity: = 1 Processed by Bot
Sun Dec 30 2018 08:15:19 GMT+0530 (India Standard Time) Invoice Number: = 44591485 Catelogue Number: = M03628 Catalogue Line Number: = 6 Catalogue Line Quantity: = 4 Processed by Bot
Sun Dec 30 2018 08:15:24 GMT+0530 (India Standard Time) Invoice Number: = 44591776 Catelogue Number: = C93139 Catalogue Line Number: = 1 Catalogue Line Quantity: = 2 Processed by Bot
Sun Dec 30 2018 08:15:30 GMT+0530 (India Standard Time) Invoice Number: = 44591777 Catelogue Number: = 515022 Catalogue Line Number: = 1 Catalogue Line Quantity: = 1 Processed by Bot
Sun Dec 30 2018 08:16:08 GMT+0530 (India Standard Time) Invoice Number: = 44591485 Catelogue Number: = 423987 Catalogue Line Number: = 1 Catalogue Line Quantity: = 1 Processed by Bot
Sun Dec 30 2018 08:16:17 GMT+0530 (India Standard Time) Invoice Number: = 44591485 Catelogue Number: = M03628 Catalogue Line Number: = 6 Catalogue Line Quantity: = 4 Processed by Bot
Sun Dec 30 2018 08:16:23 GMT+0530 (India Standard Time) Invoice Number: = 44591776 Catelogue Number: = C93139 Catalogue Line Number: = 1 Catalogue Line Quantity: = 2 Processed by Bot
Sun Dec 30 2018 08:16:28 GMT+0530 (India Standard Time) Invoice Number: = 44591777 Catelogue Number: = 515022 Catalogue Line Number: = 1 Catalogue Line Quantity: = 1 Processed by Bot
Sun Dec 30 2018 08:17:04 GMT+0530 (India Standard Time) Invoice Number: = 44591485 Catelogue Number: = 423987 Catalogue Line Number: = 1 Catalogue Line Quantity: = 1 Processed by Bot
Sun Dec 30 2018 08:17:13 GMT+0530 (India Standard Time) Invoice Number: = 44591485 Catelogue Number: = M03628 Catalogue Line Number: = 6 Catalogue Line Quantity: = 4 Processed by Bot
Sun Dec 30 2018 08:17:18 GMT+0530 (India Standard Time) Invoice Number: = 44591776 Catelogue Number: = C93139 Catalogue Line Number: = 1 Catalogue Line Quantity: = 2 Processed by Bot
Sun Dec 30 2018 08:17:24 GMT+0530 (India Standard Time) Invoice Number: = 44591777 Catelogue Number: = 515022 Catalogue Line Number: = 1 Catalogue Line Quantity: = 1 Processed by Bot
Sun Dec 30 2018 08:18:00 GMT+0530 (India Standard Time) Invoice Number: = 44591485 Catelogue Number: = 423987 Catalogue Line Number: = 1 Catalogue Line Quantity: = 1 Processed by Bot
Sun Dec 30 2018 08:18:09 GMT+0530 (India Standard Time) Invoice Number: = 44591485 Catelogue Number: = M03628 Catalogue Line Number: = 6 Catalogue Line Quantity: = 4 Processed by Bot
Sun Dec 30 2018 08:18:14 GMT+0530 (India Standard Time) Invoice Number: = 44591776 Catelogue Number: = C93139 Catalogue Line Number: = 1 Catalogue Line Quantity: = 2 Processed by Bot
Sun Dec 30 2018 08:18:20 GMT+0530 (India Standard Time) Invoice Number: = 44591777 Catelogue Number: = 515022 Catalogue Line Number: = 1 Catalogue Line Quantity: = 1 Processed by Bot
Sun Dec 30 2018 08:18:57 GMT+0530 (India Standard Time) Invoice Number: = 44591485 Catelogue Number: = 423987 Catalogue Line Number: = 1 Catalogue Line Quantity: = 1 Processed by Bot
Sun Dec 30 2018 08:19:05 GMT+0530 (India Standard Time) Invoice Number: = 44591485 Catelogue Number: = M03628 Catalogue Line Number: = 6 Catalogue Line Quantity: = 4 Processed by Bot
Sun Dec 30 2018 08:19:12 GMT+0530 (India Standard Time) Invoice Number: = 44591776 Catelogue Number: = C93139 Catalogue Line Number: = 1 Catalogue Line Quantity: = 2 Processed by Bot
Sun Dec 30 2018 08:19:17 GMT+0530 (India Standard Time) Invoice Number: = 44591777 Catelogue Number: = 515022 Catalogue Line Number: = 1 Catalogue Line Quantity: = 1 Processed by Bot
Sun Dec 30 2018 08:19:54 GMT+0530 (India Standard Time) Invoice Number: = 44591485 Catelogue Number: = 423987 Catalogue Line Number: = 1 Catalogue Line Quantity: = 1 Processed by Bot
Sun Dec 30 2018 08:20:02 GMT+0530 (India Standard Time) Invoice Number: = 44591485 Catelogue Number: = M03628 Catalogue Line Number: = 6 Catalogue Line Quantity: = 4 Processed by Bot
Sun Dec 30 2018 08:20:08 GMT+0530 (India Standard Time) Invoice Number: = 44591776 Catelogue Number: = C93139 Catalogue Line Number: = 1 Catalogue Line Quantity: = 2 Processed by Bot
Sun Dec 30 2018 08:20:13 GMT+0530 (India Standard Time) Invoice Number: = 44591777 Catelogue Number: = 515022 Catalogue Line Number: = 1 Catalogue Line Quantity: = 1 Processed by Bot
Sun Dec 30 2018 08:20:50 GMT+0530 (India Standard Time) Invoice Number: = 44591485 Catelogue Number: = 423987 Catalogue Line Number: = 1 Catalogue Line Quantity: = 1 Processed by Bot
Sun Dec 30 2018 08:20:59 GMT+0530 (India Standard Time) Invoice Number: = 44591485 Catelogue Number: = M03628 Catalogue Line Number: = 6 Catalogue Line Quantity: = 4 Processed by Bot
Sun Dec 30 2018 08:21:05 GMT+0530 (India Standard Time) Invoice Number: = 44591776 Catelogue Number: = C93139 Catalogue Line Number: = 1 Catalogue Line Quantity: = 2 Processed by Bot
Sun Dec 30 2018 08:21:11 GMT+0530 (India Standard Time) Invoice Number: = 44591777 Catelogue Number: = 515022 Catalogue Line Number: = 1 Catalogue Line Quantity: = 1 Processed by Bot
Sun Dec 30 2018 08:21:48 GMT+0530 (India Standard Time) Invoice Number: = 44591485 Catelogue Number: = 423987 Catalogue Line Number: = 1 Catalogue Line Quantity: = 1 Processed by Bot
Sun Dec 30 2018 08:21:57 GMT+0530 (India Standard Time) Invoice Number: = 44591485 Catelogue Number: = M03628 Catalogue Line Number: = 6 Catalogue Line Quantity: = 4 Processed by Bot
Sun Dec 30 2018 08:22:02 GMT+0530 (India Standard Time) Invoice Number: = 44591776 Catelogue Number: = C93139 Catalogue Line Number: = 1 Catalogue Line Quantity: = 2 Processed by Bot
Sun Dec 30 2018 08:22:08 GMT+0530 (India Standard Time) Invoice Number: = 44591777 Catelogue Number: = 515022 Catalogue Line Number: = 1 Catalogue Line Quantity: = 1 Processed by Bot
Sun Dec 30 2018 08:22:45 GMT+0530 (India Standard Time) Invoice Number: = 44591485 Catelogue Number: = 423987 Catalogue Line Number: = 1 Catalogue Line Quantity: = 1 Processed by Bot
Sun Dec 30 2018 08:22:54 GMT+0530 (India Standard Time) Invoice Number: = 44591485 Catelogue Number: = M03628 Catalogue Line Number: = 6 Catalogue Line Quantity: = 4 Processed by Bot
Sun Dec 30 2018 08:22:59 GMT+0530 (India Standard Time) Invoice Number: = 44591776 Catelogue Number: = C93139 Catalogue Line Number: = 1 Catalogue Line Quantity: = 2 Processed by Bot
Sun Dec 30 2018 08:23:05 GMT+0530 (India Standard Time) Invoice Number: = 44591777 Catelogue Number: = 515022 Catalogue Line Number: = 1 Catalogue Line Quantity: = 1 Processed by Bot
Sun Dec 30 2018 08:23:42 GMT+0530 (India Standard Time) Invoice Number: = 44591485 Catelogue Number: = 423987 Catalogue Line Number: = 1 Catalogue Line Quantity: = 1 Processed by Bot
Sun Dec 30 2018 08:23:50 GMT+0530 (India Standard Time) Invoice Number: = 44591485 Catelogue Number: = M03628 Catalogue Line Number: = 6 Catalogue Line Quantity: = 4 Processed by Bot
Sun Dec 30 2018 08:23:56 GMT+0530 (India Standard Time) Invoice Number: = 44591776 Catelogue Number: = C93139 Catalogue Line Number: = 1 Catalogue Line Quantity: = 2 Processed by Bot
Sun Dec 30 2018 08:24:02 GMT+0530 (India Standard Time) Invoice Number: = 44591777 Catelogue Number: = 515022 Catalogue Line Number: = 1 Catalogue Line Quantity: = 1 Processed by Bot
Sun Dec 30 2018 08:24:40 GMT+0530 (India Standard Time) Invoice Number: = 44591485 Catelogue Number: = 423987 Catalogue Line Number: = 1 Catalogue Line Quantity: = 1 Processed by Bot
Sun Dec 30 2018 08:24:49 GMT+0530 (India Standard Time) Invoice Number: = 44591485 Catelogue Number: = M03628 Catalogue Line Number: = 6 Catalogue Line Quantity: = 4 Processed by Bot
Sun Dec 30 2018 08:24:55 GMT+0530 (India Standard Time) Invoice Number: = 44591776 Catelogue Number: = C93139 Catalogue Line Number: = 1 Catalogue Line Quantity: = 2 Processed by Bot
Sun Dec 30 2018 08:25:00 GMT+0530 (India Standard Time) Invoice Number: = 44591777 Catelogue Number: = 515022 Catalogue Line Number: = 1 Catalogue Line Quantity: = 1 Processed by Bot
Sun Dec 30 2018 08:25:38 GMT+0530 (India Standard Time) Invoice Number: = 44591485 Catelogue Number: = 423987 Catalogue Line Number: = 1 Catalogue Line Quantity: = 1 Processed by Bot
Sun Dec 30 2018 08:25:47 GMT+0530 (India Standard Time) Invoice Number: = 44591485 Catelogue Number: = M03628 Catalogue Line Number: = 6 Catalogue Line Quantity: = 4 Processed by Bot
Sun Dec 30 2018 08:25:54 GMT+0530 (India Standard Time) Invoice Number: = 44591776 Catelogue Number: = C93139 Catalogue Line Number: = 1 Catalogue Line Quantity: = 2 Processed by Bot
Sun Dec 30 2018 08:25:59 GMT+0530 (India Standard Time) Invoice Number: = 44591777 Catelogue Number: = 515022 Catalogue Line Number: = 1 Catalogue Line Quantity: = 1 Processed by Bot
Sun Dec 30 2018 08:26:36 GMT+0530 (India Standard Time) Invoice Number: = 44591485 Catelogue Number: = 423987 Catalogue Line Number: = 1 Catalogue Line Quantity: = 1 Processed by Bot
Sun Dec 30 2018 08:26:45 GMT+0530 (India Standard Time) Invoice Number: = 44591485 Catelogue Number: = M03628 Catalogue Line Number: = 6 Catalogue Line Quantity: = 4 Processed by Bot
Sun Dec 30 2018 08:26:50 GMT+0530 (India Standard Time) Invoice Number: = 44591776 Catelogue Number: = C93139 Catalogue Line Number: = 1 Catalogue Line Quantity: = 2 Processed by Bot
Sun Dec 30 2018 08:26:57 GMT+0530 (India Standard Time) Invoice Number: = 44591777 Catelogue Number: = 515022 Catalogue Line Number: = 1 Catalogue Line Quantity: = 1 Processed by Bot
Sun Dec 30 2018 08:27:34 GMT+0530 (India Standard Time) Invoice Number: = 44591485 Catelogue Number: = 423987 Catalogue Line Number: = 1 Catalogue Line Quantity: = 1 Processed by Bot
Sun Dec 30 2018 08:27:44 GMT+0530 (India Standard Time) Invoice Number: = 44591485 Catelogue Number: = M03628 Catalogue Line Number: = 6 Catalogue Line Quantity: = 4 Processed by Bot
Sun Dec 30 2018 08:27:50 GMT+0530 (India Standard Time) Invoice Number: = 44591776 Catelogue Number: = C93139 Catalogue Line Number: = 1 Catalogue Line Quantity: = 2 Processed by Bot
Sun Dec 30 2018 08:27:56 GMT+0530 (India Standard Time) Invoice Number: = 44591777 Catelogue Number: = 515022 Catalogue Line Number: = 1 Catalogue Line Quantity: = 1 Processed by Bot
Sun Dec 30 2018 08:28:33 GMT+0530 (India Standard Time) Invoice Number: = 44591485 Catelogue Number: = 423987 Catalogue Line Number: = 1 Catalogue Line Quantity: = 1 Processed by Bot
Sun Dec 30 2018 08:28:42 GMT+0530 (India Standard Time) Invoice Number: = 44591485 Catelogue Number: = M03628 Catalogue Line Number: = 6 Catalogue Line Quantity: = 4 Processed by Bot
Sun Dec 30 2018 08:28:48 GMT+0530 (India Standard Time) Invoice Number: = 44591776 Catelogue Number: = C93139 Catalogue Line Number: = 1 Catalogue Line Quantity: = 2 Processed by Bot
Sun Dec 30 2018 08:28:53 GMT+0530 (India Standard Time) Invoice Number: = 44591777 Catelogue Number: = 515022 Catalogue Line Number: = 1 Catalogue Line Quantity: = 1 Processed by Bot
Sun Dec 30 2018 08:29:31 GMT+0530 (India Standard Time) Invoice Number: = 44591485 Catelogue Number: = 423987 Catalogue Line Number: = 1 Catalogue Line Quantity: = 1 Processed by Bot
Sun Dec 30 2018 08:29:40 GMT+0530 (India Standard Time) Invoice Number: = 44591485 Catelogue Number: = M03628 Catalogue Line Number: = 6 Catalogue Line Quantity: = 4 Processed by Bot
Sun Dec 30 2018 08:29:47 GMT+0530 (India Standard Time) Invoice Number: = 44591776 Catelogue Number: = C93139 Catalogue Line Number: = 1 Catalogue Line Quantity: = 2 Processed by Bot
Sun Dec 30 2018 08:29:53 GMT+0530 (India Standard Time) Invoice Number: = 44591777 Catelogue Number: = 515022 Catalogue Line Number: = 1 Catalogue Line Quantity: = 1 Processed by Bot
Sun Dec 30 2018 08:30:30 GMT+0530 (India Standard Time) Invoice Number: = 44591485 Catelogue Number: = 423987 Catalogue Line Number: = 1 Catalogue Line Quantity: = 1 Processed by Bot
Sun Dec 30 2018 08:30:40 GMT+0530 (India Standard Time) Invoice Number: = 44591485 Catelogue Number: = M03628 Catalogue Line Number: = 6 Catalogue Line Quantity: = 4 Processed by Bot
Sun Dec 30 2018 08:30:46 GMT+0530 (India Standard Time) Invoice Number: = 44591776 Catelogue Number: = C93139 Catalogue Line Number: = 1 Catalogue Line Quantity: = 2 Processed by Bot
Sun Dec 30 2018 08:30:51 GMT+0530 (India Standard Time) Invoice Number: = 44591777 Catelogue Number: = 515022 Catalogue Line Number: = 1 Catalogue Line Quantity: = 1 Processed by Bot
Sun Dec 30 2018 08:31:29 GMT+0530 (India Standard Time) Invoice Number: = 44591485 Catelogue Number: = 423987 Catalogue Line Number: = 1 Catalogue Line Quantity: = 1 Processed by Bot
Sun Dec 30 2018 08:31:37 GMT+0530 (India Standard Time) Invoice Number: = 44591485 Catelogue Number: = M03628 Catalogue Line Number: = 6 Catalogue Line Quantity: = 4 Processed by Bot
Sun Dec 30 2018 08:31:43 GMT+0530 (India Standard Time) Invoice Number: = 44591776 Catelogue Number: = C93139 Catalogue Line Number: = 1 Catalogue Line Quantity: = 2 Processed by Bot
Sun Dec 30 2018 08:31:49 GMT+0530 (India Standard Time) Invoice Number: = 44591777 Catelogue Number: = 515022 Catalogue Line Number: = 1 Catalogue Line Quantity: = 1 Processed by Bot
Sun Dec 30 2018 08:32:26 GMT+0530 (India Standard Time) Invoice Number: = 44591485 Catelogue Number: = 423987 Catalogue Line Number: = 1 Catalogue Line Quantity: = 1 Processed by Bot
Sun Dec 30 2018 08:32:36 GMT+0530 (India Standard Time) Invoice Number: = 44591485 Catelogue Number: = M03628 Catalogue Line Number: = 6 Catalogue Line Quantity: = 4 Processed by Bot
Sun Dec 30 2018 08:32:42 GMT+0530 (India Standard Time) Invoice Number: = 44591776 Catelogue Number: = C93139 Catalogue Line Number: = 1 Catalogue Line Quantity: = 2 Processed by Bot
Sun Dec 30 2018 08:32:47 GMT+0530 (India Standard Time) Invoice Number: = 44591777 Catelogue Number: = 515022 Catalogue Line Number: = 1 Catalogue Line Quantity: = 1 Processed by Bot
Sun Dec 30 2018 08:33:25 GMT+0530 (India Standard Time) Invoice Number: = 44591485 Catelogue Number: = 423987 Catalogue Line Number: = 1 Catalogue Line Quantity: = 1 Processed by Bot
Sun Dec 30 2018 08:33:34 GMT+0530 (India Standard Time) Invoice Number: = 44591485 Catelogue Number: = M03628 Catalogue Line Number: = 6 Catalogue Line Quantity: = 4 Processed by Bot
Sun Dec 30 2018 08:33:39 GMT+0530 (India Standard Time) Invoice Number: = 44591776 Catelogue Number: = C93139 Catalogue Line Number: = 1 Catalogue Line Quantity: = 2 Processed by Bot
Sun Dec 30 2018 08:33:45 GMT+0530 (India Standard Time) Invoice Number: = 44591777 Catelogue Number: = 515022 Catalogue Line Number: = 1 Catalogue Line Quantity: = 1 Processed by Bot
Sun Dec 30 2018 08:34:23 GMT+0530 (India Standard Time) Invoice Number: = 44591485 Catelogue Number: = 423987 Catalogue Line Number: = 1 Catalogue Line Quantity: = 1 Processed by Bot
Sun Dec 30 2018 08:34:31 GMT+0530 (India Standard Time) Invoice Number: = 44591485 Catelogue Number: = M03628 Catalogue Line Number: = 6 Catalogue Line Quantity: = 4 Processed by Bot
Sun Dec 30 2018 08:34:37 GMT+0530 (India Standard Time) Invoice Number: = 44591776 Catelogue Number: = C93139 Catalogue Line Number: = 1 Catalogue Line Quantity: = 2 Processed by Bot
Sun Dec 30 2018 08:34:42 GMT+0530 (India Standard Time) Invoice Number: = 44591777 Catelogue Number: = 515022 Catalogue Line Number: = 1 Catalogue Line Quantity: = 1 Processed by Bot
Sun Dec 30 2018 08:35:20 GMT+0530 (India Standard Time) Invoice Number: = 44591485 Catelogue Number: = 423987 Catalogue Line Number: = 1 Catalogue Line Quantity: = 1 Processed by Bot
Sun Dec 30 2018 08:35:29 GMT+0530 (India Standard Time) Invoice Number: = 44591485 Catelogue Number: = M03628 Catalogue Line Number: = 6 Catalogue Line Quantity: = 4 Processed by Bot
Sun Dec 30 2018 08:35:35 GMT+0530 (India Standard Time) Invoice Number: = 44591776 Catelogue Number: = C93139 Catalogue Line Number: = 1 Catalogue Line Quantity: = 2 Processed by Bot
Sun Dec 30 2018 08:35:40 GMT+0530 (India Standard Time) Invoice Number: = 44591777 Catelogue Number: = 515022 Catalogue Line Number: = 1 Catalogue Line Quantity: = 1 Processed by Bot
Sun Dec 30 2018 08:36:17 GMT+0530 (India Standard Time) Invoice Number: = 44591485 Catelogue Number: = 423987 Catalogue Line Number: = 1 Catalogue Line Quantity: = 1 Processed by Bot
Sun Dec 30 2018 08:36:26 GMT+0530 (India Standard Time) Invoice Number: = 44591485 Catelogue Number: = M03628 Catalogue Line Number: = 6 Catalogue Line Quantity: = 4 Processed by Bot
Sun Dec 30 2018 08:36:32 GMT+0530 (India Standard Time) Invoice Number: = 44591776 Catelogue Number: = C93139 Catalogue Line Number: = 1 Catalogue Line Quantity: = 2 Processed by Bot
Sun Dec 30 2018 08:36:38 GMT+0530 (India Standard Time) Invoice Number: = 44591777 Catelogue Number: = 515022 Catalogue Line Number: = 1 Catalogue Line Quantity: = 1 Processed by Bot
Sun Dec 30 2018 08:37:15 GMT+0530 (India Standard Time) Invoice Number: = 44591485 Catelogue Number: = 423987 Catalogue Line Number: = 1 Catalogue Line Quantity: = 1 Processed by Bot
Sun Dec 30 2018 08:37:24 GMT+0530 (India Standard Time) Invoice Number: = 44591485 Catelogue Number: = M03628 Catalogue Line Number: = 6 Catalogue Line Quantity: = 4 Processed by Bot
Sun Dec 30 2018 08:37:30 GMT+0530 (India Standard Time) Invoice Number: = 44591776 Catelogue Number: = C93139 Catalogue Line Number: = 1 Catalogue Line Quantity: = 2 Processed by Bot
Sun Dec 30 2018 08:37:36 GMT+0530 (India Standard Time) Invoice Number: = 44591777 Catelogue Number: = 515022 Catalogue Line Number: = 1 Catalogue Line Quantity: = 1 Processed by Bot
Sun Dec 30 2018 08:38:15 GMT+0530 (India Standard Time) Invoice Number: = 44591485 Catelogue Number: = 423987 Catalogue Line Number: = 1 Catalogue Line Quantity: = 1 Processed by Bot
Sun Dec 30 2018 08:38:24 GMT+0530 (India Standard Time) Invoice Number: = 44591485 Catelogue Number: = M03628 Catalogue Line Number: = 6 Catalogue Line Quantity: = 4 Processed by Bot
Sun Dec 30 2018 08:38:29 GMT+0530 (India Standard Time) Invoice Number: = 44591776 Catelogue Number: = C93139 Catalogue Line Number: = 1 Catalogue Line Quantity: = 2 Processed by Bot
Sun Dec 30 2018 08:38:35 GMT+0530 (India Standard Time) Invoice Number: = 44591777 Catelogue Number: = 515022 Catalogue Line Number: = 1 Catalogue Line Quantity: = 1 Processed by Bot
Sun Dec 30 2018 08:39:14 GMT+0530 (India Standard Time) Invoice Number: = 44591485 Catelogue Number: = 423987 Catalogue Line Number: = 1 Catalogue Line Quantity: = 1 Processed by Bot
Sun Dec 30 2018 08:39:24 GMT+0530 (India Standard Time) Invoice Number: = 44591485 Catelogue Number: = M03628 Catalogue Line Number: = 6 Catalogue Line Quantity: = 4 Processed by Bot
Sun Dec 30 2018 08:39:29 GMT+0530 (India Standard Time) Invoice Number: = 44591776 Catelogue Number: = C93139 Catalogue Line Number: = 1 Catalogue Line Quantity: = 2 Processed by Bot
Sun Dec 30 2018 08:39:35 GMT+0530 (India Standard Time) Invoice Number: = 44591777 Catelogue Number: = 515022 Catalogue Line Number: = 1 Catalogue Line Quantity: = 1 Processed by Bot
Sun Dec 30 2018 08:40:12 GMT+0530 (India Standard Time) Invoice Number: = 44591485 Catelogue Number: = 423987 Catalogue Line Number: = 1 Catalogue Line Quantity: = 1 Processed by Bot
Sun Dec 30 2018 08:40:21 GMT+0530 (India Standard Time) Invoice Number: = 44591485 Catelogue Number: = M03628 Catalogue Line Number: = 6 Catalogue Line Quantity: = 4 Processed by Bot
Sun Dec 30 2018 08:40:28 GMT+0530 (India Standard Time) Invoice Number: = 44591776 Catelogue Number: = C93139 Catalogue Line Number: = 1 Catalogue Line Quantity: = 2 Processed by Bot
Sun Dec 30 2018 08:40:33 GMT+0530 (India Standard Time) Invoice Number: = 44591777 Catelogue Number: = 515022 Catalogue Line Number: = 1 Catalogue Line Quantity: = 1 Processed by Bot
Sun Dec 30 2018 08:41:11 GMT+0530 (India Standard Time) Invoice Number: = 44591485 Catelogue Number: = 423987 Catalogue Line Number: = 1 Catalogue Line Quantity: = 1 Processed by Bot
Sun Dec 30 2018 08:41:19 GMT+0530 (India Standard Time) Invoice Number: = 44591485 Catelogue Number: = M03628 Catalogue Line Number: = 6 Catalogue Line Quantity: = 4 Processed by Bot
Sun Dec 30 2018 08:41:25 GMT+0530 (India Standard Time) Invoice Number: = 44591776 Catelogue Number: = C93139 Catalogue Line Number: = 1 Catalogue Line Quantity: = 2 Processed by Bot
Sun Dec 30 2018 08:41:30 GMT+0530 (India Standard Time) Invoice Number: = 44591777 Catelogue Number: = 515022 Catalogue Line Number: = 1 Catalogue Line Quantity: = 1 Processed by Bot
Sun Dec 30 2018 08:42:08 GMT+0530 (India Standard Time) Invoice Number: = 44591485 Catelogue Number: = 423987 Catalogue Line Number: = 1 Catalogue Line Quantity: = 1 Processed by Bot
Sun Dec 30 2018 08:42:16 GMT+0530 (India Standard Time) Invoice Number: = 44591485 Catelogue Number: = M03628 Catalogue Line Number: = 6 Catalogue Line Quantity: = 4 Processed by Bot
Sun Dec 30 2018 08:42:22 GMT+0530 (India Standard Time) Invoice Number: = 44591776 Catelogue Number: = C93139 Catalogue Line Number: = 1 Catalogue Line Quantity: = 2 Processed by Bot
Sun Dec 30 2018 08:42:28 GMT+0530 (India Standard Time) Invoice Number: = 44591777 Catelogue Number: = 515022 Catalogue Line Number: = 1 Catalogue Line Quantity: = 1 Processed by Bot
Sun Dec 30 2018 08:43:06 GMT+0530 (India Standard Time) Invoice Number: = 44591485 Catelogue Number: = 423987 Catalogue Line Number: = 1 Catalogue Line Quantity: = 1 Processed by Bot
Sun Dec 30 2018 08:43:15 GMT+0530 (India Standard Time) Invoice Number: = 44591485 Catelogue Number: = M03628 Catalogue Line Number: = 6 Catalogue Line Quantity: = 4 Processed by Bot
Sun Dec 30 2018 08:43:21 GMT+0530 (India Standard Time) Invoice Number: = 44591776 Catelogue Number: = C93139 Catalogue Line Number: = 1 Catalogue Line Quantity: = 2 Processed by Bot
Sun Dec 30 2018 08:43:27 GMT+0530 (India Standard Time) Invoice Number: = 44591777 Catelogue Number: = 515022 Catalogue Line Number: = 1 Catalogue Line Quantity: = 1 Processed by Bot
Mon Dec 31 2018 11:07:36 GMT+0530 (India Standard Time) Invoice Number: = 44591485 Catelogue Number: = 423987 Catalogue Line Number: = 1 Catalogue Line Quantity: = 1 Processed by Bot
Mon Dec 31 2018 11:07:46 GMT+0530 (India Standard Time) Invoice Number: = 44591485 Catelogue Number: = M03628 Catalogue Line Number: = 6 Catalogue Line Quantity: = 4 Processed by Bot
Mon Dec 31 2018 11:07:51 GMT+0530 (India Standard Time) Invoice Number: = 44591776 Catelogue Number: = C93139 Catalogue Line Number: = 1 Catalogue Line Quantity: = 2 Processed by Bot
Mon Dec 31 2018 11:07:57 GMT+0530 (India Standard Time) Invoice Number: = 44591777 Catelogue Number: = 515022 Catalogue Line Number: = 1 Catalogue Line Quantity: = 1 Processed by Bot
Mon Dec 31 2018 23:00:46 GMT+0530 (India Standard Time) Invoice Number: = 44591485 Catelogue Number: = 423987 Catalogue Line Number: = 1 Catalogue Line Quantity: = 1 Processed by Bot
Mon Dec 31 2018 23:00:56 GMT+0530 (India Standard Time) Invoice Number: = 44591485 Catelogue Number: = M03628 Catalogue Line Number: = 6 Catalogue Line Quantity: = 4 Processed by Bot
Mon Dec 31 2018 23:01:01 GMT+0530 (India Standard Time) Invoice Number: = 44591776 Catelogue Number: = C93139 Catalogue Line Number: = 1 Catalogue Line Quantity: = 2 Processed by Bot
Mon Dec 31 2018 23:01:08 GMT+0530 (India Standard Time) Invoice Number: = 44591777 Catelogue Number: = 515022 Catalogue Line Number: = 1 Catalogue Line Quantity: = 1 Processed by Bot
Tue Jan 01 2019 09:24:12 GMT+0530 (India Standard Time) Invoice Number: = 44591485 Catelogue Number: = 423987 Catalogue Line Number: = 1 Catalogue Line Quantity: = 1 Processed by Bot
Tue Jan 01 2019 09:24:21 GMT+0530 (India Standard Time) Invoice Number: = 44591485 Catelogue Number: = M03628 Catalogue Line Number: = 6 Catalogue Line Quantity: = 4 Processed by Bot
Tue Jan 01 2019 09:24:27 GMT+0530 (India Standard Time) Invoice Number: = 44591776 Catelogue Number: = C93139 Catalogue Line Number: = 1 Catalogue Line Quantity: = 2 Processed by Bot
Tue Jan 01 2019 09:24:33 GMT+0530 (India Standard Time) Invoice Number: = 44591777 Catelogue Number: = 515022 Catalogue Line Number: = 1 Catalogue Line Quantity: = 1 Processed by Bot
Wed Jan 02 2019 11:52:40 GMT+0530 (India Standard Time) Invoice Number: = 44591485 Catelogue Number: = 423987 Catalogue Line Number: = 1 Catalogue Line Quantity: = 1 Processed by Bot
Wed Jan 02 2019 11:52:49 GMT+0530 (India Standard Time) Invoice Number: = 44591485 Catelogue Number: = M03628 Catalogue Line Number: = 6 Catalogue Line Quantity: = 4 Processed by Bot
Wed Jan 02 2019 11:52:55 GMT+0530 (India Standard Time) Invoice Number: = 44591776 Catelogue Number: = C93139 Catalogue Line Number: = 1 Catalogue Line Quantity: = 2 Processed by Bot
Wed Jan 02 2019 11:53:01 GMT+0530 (India Standard Time) Invoice Number: = 44591777 Catelogue Number: = 515022 Catalogue Line Number: = 1 Catalogue Line Quantity: = 1 Processed by Bot
Wed Jan 02 2019 16:57:39 GMT+0530 (India Standard Time) Invoice Number: = 44591485 Catelogue Number: = 423987 Catalogue Line Number: = 1 Catalogue Line Quantity: = 1 Processed by Bot
Wed Jan 02 2019 16:57:48 GMT+0530 (India Standard Time) Invoice Number: = 44591485 Catelogue Number: = M03628 Catalogue Line Number: = 6 Catalogue Line Quantity: = 4 Processed by Bot
Wed Jan 02 2019 16:57:54 GMT+0530 (India Standard Time) Invoice Number: = 44591776 Catelogue Number: = C93139 Catalogue Line Number: = 1 Catalogue Line Quantity: = 2 Processed by Bot
Wed Jan 02 2019 16:58:00 GMT+0530 (India Standard Time) Invoice Number: = 44591777 Catelogue Number: = 515022 Catalogue Line Number: = 1 Catalogue Line Quantity: = 1 Processed by Bot
Thu Jan 03 2019 11:19:45 GMT+0530 (India Standard Time) Invoice Number: = 44591485 Catelogue Number: = 423987 Catalogue Line Number: = 1 Catalogue Line Quantity: = 1 Processed by Bot
Thu Jan 03 2019 11:19:55 GMT+0530 (India Standard Time) Invoice Number: = 44591485 Catelogue Number: = M03628 Catalogue Line Number: = 6 Catalogue Line Quantity: = 4 Processed by Bot
Thu Jan 03 2019 11:20:02 GMT+0530 (India Standard Time) Invoice Number: = 44591776 Catelogue Number: = C93139 Catalogue Line Number: = 1 Catalogue Line Quantity: = 2 Processed by Bot
Thu Jan 03 2019 11:20:09 GMT+0530 (India Standard Time) Invoice Number: = 44591777 Catelogue Number: = 515022 Catalogue Line Number: = 1 Catalogue Line Quantity: = 1 Processed by Bot
